<?xml version="1.0" encoding="UTF-8"?>
<coverage generated="1692072492168" clover="3.2.0">
  <project timestamp="1692072492168" name="All files">
    <metrics statements="79" coveredstatements="79" conditionals="28" coveredconditionals="28" methods="3" coveredmethods="3" elements="110" coveredelements="110" complexity="0" loc="79" ncloc="79" packages="1" files="1" classes="1"/>
    <file name="caixa-da-lanchonete.js" path="C:\Users\marco\Desktop\Desafio\desafio-lanchonete-2023\src\caixa-da-lanchonete.js">
      <metrics statements="79" coveredstatements="79" conditionals="28" coveredconditionals="28" methods="3" coveredmethods="3"/>
      <line num="1" count="1" type="stmt"/>
      <line num="2" count="1" type="stmt"/>
      <line num="3" count="1" type="stmt"/>
      <line num="4" count="1" type="cond" truecount="1" falsecount="0"/>
      <line num="5" count="23" type="stmt"/>
      <line num="6" count="23" type="stmt"/>
      <line num="7" count="23" type="stmt"/>
      <line num="8" count="23" type="stmt"/>
      <line num="9" count="23" type="stmt"/>
      <line num="10" count="23" type="stmt"/>
      <line num="11" count="23" type="stmt"/>
      <line num="12" count="23" type="stmt"/>
      <line num="13" count="23" type="stmt"/>
      <line num="14" count="23" type="stmt"/>
      <line num="15" count="23" type="stmt"/>
      <line num="16" count="1" type="stmt"/>
      <line num="17" count="1" type="cond" truecount="1" falsecount="0"/>
      <line num="18" count="10" type="stmt"/>
      <line num="19" count="10" type="stmt"/>
      <line num="20" count="1" type="stmt"/>
      <line num="21" count="1" type="cond" truecount="1" falsecount="0"/>
      <line num="22" count="23" type="stmt"/>
      <line num="23" count="23" type="stmt"/>
      <line num="24" count="23" type="cond" truecount="1" falsecount="0"/>
      <line num="25" count="1" type="stmt"/>
      <line num="26" count="1" type="cond" truecount="1" falsecount="0"/>
      <line num="27" count="22" type="stmt"/>
      <line num="28" count="22" type="stmt"/>
      <line num="29" count="22" type="stmt"/>
      <line num="30" count="22" type="stmt"/>
      <line num="31" count="23" type="cond" truecount="1" falsecount="0"/>
      <line num="32" count="7" type="stmt"/>
      <line num="33" count="23" type="cond" truecount="2" falsecount="0"/>
      <line num="34" count="9" type="stmt"/>
      <line num="35" count="9" type="cond" truecount="1" falsecount="0"/>
      <line num="36" count="22" type="stmt"/>
      <line num="37" count="22" type="stmt"/>
      <line num="38" count="22" type="stmt"/>
      <line num="39" count="23" type="cond" truecount="2" falsecount="0"/>
      <line num="40" count="3" type="stmt"/>
      <line num="41" count="3" type="stmt"/>
      <line num="42" count="3" type="stmt"/>
      <line num="43" count="3" type="cond" truecount="1" falsecount="0"/>
      <line num="44" count="23" type="cond" truecount="1" falsecount="0"/>
      <line num="45" count="30" type="stmt"/>
      <line num="46" count="30" type="stmt"/>
      <line num="47" count="30" type="cond" truecount="1" falsecount="0"/>
      <line num="48" count="2" type="stmt"/>
      <line num="49" count="2" type="cond" truecount="1" falsecount="0"/>
      <line num="50" count="28" type="stmt"/>
      <line num="51" count="28" type="stmt"/>
      <line num="52" count="28" type="stmt"/>
      <line num="53" count="30" type="cond" truecount="2" falsecount="0"/>
      <line num="54" count="2" type="stmt"/>
      <line num="55" count="2" type="cond" truecount="1" falsecount="0"/>
      <line num="56" count="26" type="stmt"/>
      <line num="57" count="30" type="cond" truecount="2" falsecount="0"/>
      <line num="58" count="2" type="stmt"/>
      <line num="59" count="2" type="cond" truecount="1" falsecount="0"/>
      <line num="60" count="24" type="stmt"/>
      <line num="61" count="30" type="cond" truecount="1" falsecount="0"/>
      <line num="62" count="3" type="stmt"/>
      <line num="63" count="3" type="cond" truecount="1" falsecount="0"/>
      <line num="64" count="21" type="stmt"/>
      <line num="65" count="30" type="cond" truecount="1" falsecount="0"/>
      <line num="66" count="11" type="stmt"/>
      <line num="67" count="30" type="cond" truecount="2" falsecount="0"/>
      <line num="68" count="5" type="stmt"/>
      <line num="69" count="5" type="cond" truecount="1" falsecount="0"/>
      <line num="70" count="21" type="stmt"/>
      <line num="71" count="21" type="stmt"/>
      <line num="72" count="21" type="cond" truecount="1" falsecount="0"/>
      <line num="73" count="10" type="stmt"/>
      <line num="74" count="10" type="stmt"/>
      <line num="75" count="10" type="stmt"/>
      <line num="76" count="10" type="stmt"/>
      <line num="77" count="1" type="stmt"/>
      <line num="78" count="1" type="stmt"/>
      <line num="79" count="1" type="stmt"/>
    </file>
  </project>
</coverage>
