{"C:\\Users\\marco\\Desktop\\Desafio\\desafio-lanchonete-2023\\src\\caixa-da-lanchonete.js": {"path":"C:\\Users\\marco\\Desktop\\Desafio\\desafio-lanchonete-2023\\src\\caixa-da-lanchonete.js","all":false,"statementMap":{"0":{"start":{"line":1,"column":0},"end":{"line":1,"column":33}},"1":{"start":{"line":2,"column":0},"end":{"line":2,"column":0}},"2":{"start":{"line":3,"column":0},"end":{"line":3,"column":25}},"3":{"start":{"line":4,"column":0},"end":{"line":4,"column":19}},"4":{"start":{"line":5,"column":0},"end":{"line":5,"column":22}},"5":{"start":{"line":6,"column":0},"end":{"line":6,"column":40}},"6":{"start":{"line":7,"column":0},"end":{"line":7,"column":44}},"7":{"start":{"line":8,"column":0},"end":{"line":8,"column":47}},"8":{"start":{"line":9,"column":0},"end":{"line":9,"column":45}},"9":{"start":{"line":10,"column":0},"end":{"line":10,"column":42}},"10":{"start":{"line":11,"column":0},"end":{"line":11,"column":43}},"11":{"start":{"line":12,"column":0},"end":{"line":12,"column":42}},"12":{"start":{"line":13,"column":0},"end":{"line":13,"column":42}},"13":{"start":{"line":14,"column":0},"end":{"line":14,"column":10}},"14":{"start":{"line":15,"column":0},"end":{"line":15,"column":5}},"15":{"start":{"line":16,"column":0},"end":{"line":16,"column":0}},"16":{"start":{"line":17,"column":0},"end":{"line":17,"column":26}},"17":{"start":{"line":18,"column":0},"end":{"line":18,"column":50}},"18":{"start":{"line":19,"column":0},"end":{"line":19,"column":5}},"19":{"start":{"line":20,"column":0},"end":{"line":20,"column":0}},"20":{"start":{"line":21,"column":0},"end":{"line":21,"column":52}},"21":{"start":{"line":22,"column":0},"end":{"line":22,"column":75}},"22":{"start":{"line":23,"column":0},"end":{"line":23,"column":0}},"23":{"start":{"line":24,"column":0},"end":{"line":24,"column":67}},"24":{"start":{"line":25,"column":0},"end":{"line":25,"column":50}},"25":{"start":{"line":26,"column":0},"end":{"line":26,"column":9}},"26":{"start":{"line":27,"column":0},"end":{"line":27,"column":0}},"27":{"start":{"line":28,"column":0},"end":{"line":28,"column":40}},"28":{"start":{"line":29,"column":0},"end":{"line":29,"column":36}},"29":{"start":{"line":30,"column":0},"end":{"line":30,"column":0}},"30":{"start":{"line":31,"column":0},"end":{"line":31,"column":46}},"31":{"start":{"line":32,"column":0},"end":{"line":32,"column":44}},"32":{"start":{"line":33,"column":0},"end":{"line":33,"column":52}},"33":{"start":{"line":34,"column":0},"end":{"line":34,"column":44}},"34":{"start":{"line":35,"column":0},"end":{"line":35,"column":9}},"35":{"start":{"line":36,"column":0},"end":{"line":36,"column":0}},"36":{"start":{"line":37,"column":0},"end":{"line":37,"column":33}},"37":{"start":{"line":38,"column":0},"end":{"line":38,"column":38}},"38":{"start":{"line":39,"column":0},"end":{"line":39,"column":88}},"39":{"start":{"line":40,"column":0},"end":{"line":40,"column":71}},"40":{"start":{"line":41,"column":0},"end":{"line":41,"column":61}},"41":{"start":{"line":42,"column":0},"end":{"line":42,"column":13}},"42":{"start":{"line":43,"column":0},"end":{"line":43,"column":9}},"43":{"start":{"line":44,"column":0},"end":{"line":44,"column":35}},"44":{"start":{"line":45,"column":0},"end":{"line":45,"column":61}},"45":{"start":{"line":46,"column":0},"end":{"line":46,"column":12}},"46":{"start":{"line":47,"column":0},"end":{"line":47,"column":57}},"47":{"start":{"line":48,"column":0},"end":{"line":48,"column":40}},"48":{"start":{"line":49,"column":0},"end":{"line":49,"column":13}},"49":{"start":{"line":50,"column":0},"end":{"line":50,"column":0}},"50":{"start":{"line":51,"column":0},"end":{"line":51,"column":53}},"51":{"start":{"line":52,"column":0},"end":{"line":52,"column":0}},"52":{"start":{"line":53,"column":0},"end":{"line":53,"column":61}},"53":{"start":{"line":54,"column":0},"end":{"line":54,"column":72}},"54":{"start":{"line":55,"column":0},"end":{"line":55,"column":13}},"55":{"start":{"line":56,"column":0},"end":{"line":56,"column":0}},"56":{"start":{"line":57,"column":0},"end":{"line":57,"column":64}},"57":{"start":{"line":58,"column":0},"end":{"line":58,"column":72}},"58":{"start":{"line":59,"column":0},"end":{"line":59,"column":13}},"59":{"start":{"line":60,"column":0},"end":{"line":60,"column":0}},"60":{"start":{"line":61,"column":0},"end":{"line":61,"column":34}},"61":{"start":{"line":62,"column":0},"end":{"line":62,"column":46}},"62":{"start":{"line":63,"column":0},"end":{"line":63,"column":13}},"63":{"start":{"line":64,"column":0},"end":{"line":64,"column":0}},"64":{"start":{"line":65,"column":0},"end":{"line":65,"column":40}},"65":{"start":{"line":66,"column":0},"end":{"line":66,"column":36}},"66":{"start":{"line":67,"column":0},"end":{"line":67,"column":52}},"67":{"start":{"line":68,"column":0},"end":{"line":68,"column":41}},"68":{"start":{"line":69,"column":0},"end":{"line":69,"column":13}},"69":{"start":{"line":70,"column":0},"end":{"line":70,"column":0}},"70":{"start":{"line":71,"column":0},"end":{"line":71,"column":118}},"71":{"start":{"line":72,"column":0},"end":{"line":72,"column":9}},"72":{"start":{"line":73,"column":0},"end":{"line":73,"column":0}},"73":{"start":{"line":74,"column":0},"end":{"line":74,"column":62}},"74":{"start":{"line":75,"column":0},"end":{"line":75,"column":38}},"75":{"start":{"line":76,"column":0},"end":{"line":76,"column":5}},"76":{"start":{"line":77,"column":0},"end":{"line":77,"column":1}},"77":{"start":{"line":78,"column":0},"end":{"line":78,"column":0}},"78":{"start":{"line":79,"column":0},"end":{"line":79,"column":29}}},"s":{"0":1,"1":1,"2":1,"3":1,"4":23,"5":23,"6":23,"7":23,"8":23,"9":23,"10":23,"11":23,"12":23,"13":23,"14":23,"15":1,"16":1,"17":10,"18":10,"19":1,"20":1,"21":23,"22":23,"23":23,"24":1,"25":1,"26":22,"27":22,"28":22,"29":22,"30":23,"31":7,"32":23,"33":9,"34":9,"35":22,"36":22,"37":22,"38":23,"39":3,"40":3,"41":3,"42":3,"43":23,"44":30,"45":30,"46":30,"47":2,"48":2,"49":28,"50":28,"51":28,"52":30,"53":2,"54":2,"55":26,"56":30,"57":2,"58":2,"59":24,"60":30,"61":3,"62":3,"63":21,"64":30,"65":11,"66":30,"67":5,"68":5,"69":21,"70":21,"71":21,"72":10,"73":10,"74":10,"75":10,"76":1,"77":1,"78":1},"branchMap":{"0":{"type":"branch","line":4,"loc":{"start":{"line":4,"column":4},"end":{"line":15,"column":5}},"locations":[{"start":{"line":4,"column":4},"end":{"line":15,"column":5}}]},"1":{"type":"branch","line":17,"loc":{"start":{"line":17,"column":4},"end":{"line":19,"column":5}},"locations":[{"start":{"line":17,"column":4},"end":{"line":19,"column":5}}]},"2":{"type":"branch","line":21,"loc":{"start":{"line":21,"column":4},"end":{"line":76,"column":5}},"locations":[{"start":{"line":21,"column":4},"end":{"line":76,"column":5}}]},"3":{"type":"branch","line":24,"loc":{"start":{"line":24,"column":66},"end":{"line":26,"column":9}},"locations":[{"start":{"line":24,"column":66},"end":{"line":26,"column":9}}]},"4":{"type":"branch","line":26,"loc":{"start":{"line":26,"column":8},"end":{"line":31,"column":45}},"locations":[{"start":{"line":26,"column":8},"end":{"line":31,"column":45}}]},"5":{"type":"branch","line":31,"loc":{"start":{"line":31,"column":45},"end":{"line":33,"column":9}},"locations":[{"start":{"line":31,"column":45},"end":{"line":33,"column":9}}]},"6":{"type":"branch","line":33,"loc":{"start":{"line":33,"column":9},"end":{"line":35,"column":9}},"locations":[{"start":{"line":33,"column":9},"end":{"line":35,"column":9}}]},"7":{"type":"branch","line":33,"loc":{"start":{"line":33,"column":51},"end":{"line":35,"column":9}},"locations":[{"start":{"line":33,"column":51},"end":{"line":35,"column":9}}]},"8":{"type":"branch","line":35,"loc":{"start":{"line":35,"column":8},"end":{"line":39,"column":34}},"locations":[{"start":{"line":35,"column":8},"end":{"line":39,"column":34}}]},"9":{"type":"branch","line":39,"loc":{"start":{"line":39,"column":30},"end":{"line":39,"column":85}},"locations":[{"start":{"line":39,"column":30},"end":{"line":39,"column":85}}]},"10":{"type":"branch","line":39,"loc":{"start":{"line":39,"column":87},"end":{"line":43,"column":9}},"locations":[{"start":{"line":39,"column":87},"end":{"line":43,"column":9}}]},"11":{"type":"branch","line":43,"loc":{"start":{"line":43,"column":8},"end":{"line":44,"column":34}},"locations":[{"start":{"line":43,"column":8},"end":{"line":44,"column":34}}]},"12":{"type":"branch","line":44,"loc":{"start":{"line":44,"column":34},"end":{"line":72,"column":9}},"locations":[{"start":{"line":44,"column":34},"end":{"line":72,"column":9}}]},"13":{"type":"branch","line":47,"loc":{"start":{"line":47,"column":56},"end":{"line":49,"column":13}},"locations":[{"start":{"line":47,"column":56},"end":{"line":49,"column":13}}]},"14":{"type":"branch","line":49,"loc":{"start":{"line":49,"column":12},"end":{"line":53,"column":45}},"locations":[{"start":{"line":49,"column":12},"end":{"line":53,"column":45}}]},"15":{"type":"branch","line":53,"loc":{"start":{"line":53,"column":41},"end":{"line":53,"column":58}},"locations":[{"start":{"line":53,"column":41},"end":{"line":53,"column":58}}]},"16":{"type":"branch","line":53,"loc":{"start":{"line":53,"column":60},"end":{"line":55,"column":13}},"locations":[{"start":{"line":53,"column":60},"end":{"line":55,"column":13}}]},"17":{"type":"branch","line":55,"loc":{"start":{"line":55,"column":12},"end":{"line":57,"column":43}},"locations":[{"start":{"line":55,"column":12},"end":{"line":57,"column":43}}]},"18":{"type":"branch","line":57,"loc":{"start":{"line":57,"column":39},"end":{"line":57,"column":61}},"locations":[{"start":{"line":57,"column":39},"end":{"line":57,"column":61}}]},"19":{"type":"branch","line":57,"loc":{"start":{"line":57,"column":63},"end":{"line":59,"column":13}},"locations":[{"start":{"line":57,"column":63},"end":{"line":59,"column":13}}]},"20":{"type":"branch","line":59,"loc":{"start":{"line":59,"column":12},"end":{"line":61,"column":33}},"locations":[{"start":{"line":59,"column":12},"end":{"line":61,"column":33}}]},"21":{"type":"branch","line":61,"loc":{"start":{"line":61,"column":33},"end":{"line":63,"column":13}},"locations":[{"start":{"line":61,"column":33},"end":{"line":63,"column":13}}]},"22":{"type":"branch","line":63,"loc":{"start":{"line":63,"column":12},"end":{"line":65,"column":39}},"locations":[{"start":{"line":63,"column":12},"end":{"line":65,"column":39}}]},"23":{"type":"branch","line":65,"loc":{"start":{"line":65,"column":39},"end":{"line":67,"column":13}},"locations":[{"start":{"line":65,"column":39},"end":{"line":67,"column":13}}]},"24":{"type":"branch","line":67,"loc":{"start":{"line":67,"column":13},"end":{"line":69,"column":13}},"locations":[{"start":{"line":67,"column":13},"end":{"line":69,"column":13}}]},"25":{"type":"branch","line":67,"loc":{"start":{"line":67,"column":51},"end":{"line":69,"column":13}},"locations":[{"start":{"line":67,"column":51},"end":{"line":69,"column":13}}]},"26":{"type":"branch","line":69,"loc":{"start":{"line":69,"column":12},"end":{"line":72,"column":9}},"locations":[{"start":{"line":69,"column":12},"end":{"line":72,"column":9}}]},"27":{"type":"branch","line":72,"loc":{"start":{"line":72,"column":8},"end":{"line":76,"column":5}},"locations":[{"start":{"line":72,"column":8},"end":{"line":76,"column":5}}]}},"b":{"0":[23],"1":[10],"2":[23],"3":[1],"4":[22],"5":[7],"6":[15],"7":[9],"8":[22],"9":[3],"10":[3],"11":[19],"12":[30],"13":[2],"14":[28],"15":[2],"16":[2],"17":[26],"18":[7],"19":[2],"20":[24],"21":[3],"22":[21],"23":[11],"24":[10],"25":[5],"26":[21],"27":[10]},"fnMap":{"0":{"name":"CaixaDaLanchonete","decl":{"start":{"line":4,"column":4},"end":{"line":15,"column":5}},"loc":{"start":{"line":4,"column":4},"end":{"line":15,"column":5}},"line":4},"1":{"name":"formatarValor","decl":{"start":{"line":17,"column":4},"end":{"line":19,"column":5}},"loc":{"start":{"line":17,"column":4},"end":{"line":19,"column":5}},"line":17},"2":{"name":"calcularValorDaCompra","decl":{"start":{"line":21,"column":4},"end":{"line":76,"column":5}},"loc":{"start":{"line":21,"column":4},"end":{"line":76,"column":5}},"line":21}},"f":{"0":23,"1":10,"2":23}}
}
