TN:
SF:src\caixa-da-lanchonete.js
FN:4,CaixaDaLanchonete
FN:17,formatarValor
FN:21,calcularValorDaCompra
FNF:3
FNH:3
FNDA:23,CaixaDaLanchonete
FNDA:10,formatarValor
FNDA:23,calcularValorDaCompra
DA:1,1
DA:2,1
DA:3,1
DA:4,1
DA:5,23
DA:6,23
DA:7,23
DA:8,23
DA:9,23
DA:10,23
DA:11,23
DA:12,23
DA:13,23
DA:14,23
DA:15,23
DA:16,1
DA:17,1
DA:18,10
DA:19,10
DA:20,1
DA:21,1
DA:22,23
DA:23,23
DA:24,23
DA:25,1
DA:26,1
DA:27,22
DA:28,22
DA:29,22
DA:30,22
DA:31,23
DA:32,7
DA:33,23
DA:34,9
DA:35,9
DA:36,22
DA:37,22
DA:38,22
DA:39,23
DA:40,3
DA:41,3
DA:42,3
DA:43,3
DA:44,23
DA:45,30
DA:46,30
DA:47,30
DA:48,2
DA:49,2
DA:50,28
DA:51,28
DA:52,28
DA:53,30
DA:54,2
DA:55,2
DA:56,26
DA:57,30
DA:58,2
DA:59,2
DA:60,24
DA:61,30
DA:62,3
DA:63,3
DA:64,21
DA:65,30
DA:66,11
DA:67,30
DA:68,5
DA:69,5
DA:70,21
DA:71,21
DA:72,21
DA:73,10
DA:74,10
DA:75,10
DA:76,10
DA:77,1
DA:78,1
DA:79,1
LF:79
LH:79
BRDA:4,0,0,23
BRDA:17,1,0,10
BRDA:21,2,0,23
BRDA:24,3,0,1
BRDA:26,4,0,22
BRDA:31,5,0,7
BRDA:33,6,0,15
BRDA:33,7,0,9
BRDA:35,8,0,22
BRDA:39,9,0,3
BRDA:39,10,0,3
BRDA:43,11,0,19
BRDA:44,12,0,30
BRDA:47,13,0,2
BRDA:49,14,0,28
BRDA:53,15,0,2
BRDA:53,16,0,2
BRDA:55,17,0,26
BRDA:57,18,0,7
BRDA:57,19,0,2
BRDA:59,20,0,24
BRDA:61,21,0,3
BRDA:63,22,0,21
BRDA:65,23,0,11
BRDA:67,24,0,10
BRDA:67,25,0,5
BRDA:69,26,0,21
BRDA:72,27,0,10
BRF:28
BRH:28
end_of_record
